2021-06-07 23:37:15,047 : CRITICAL : 
 doc2vec_DatasetA experiment 1
2021-06-07 23:39:52,851 : CRITICAL : Epoch-1 started
2021-06-07 23:40:43,155 : CRITICAL : Epoch-1 finished 

2021-06-07 23:40:43,155 : CRITICAL : beginning: of calc_iter_acc
2021-06-07 23:40:43,155 : CRITICAL : first: inferring user_vecs_train
2021-06-07 23:57:45,434 : CRITICAL : second: inferring user_vecs_test
2021-06-08 00:08:59,261 : CRITICAL : end of: calc_iter_acc
2021-06-08 00:08:59,286 : CRITICAL : General Acc is 106/200 = 0.53

2021-06-08 00:08:59,307 : CRITICAL : overall acc. how many users are closest to their group 
 twcollector3 10/40 Acc 0.25
twcollector5 33/40 Acc 0.825
twcollector1 16/40 Acc 0.4
twcollector2 23/40 Acc 0.575
twcollector4 24/40 Acc 0.6


2021-06-08 00:08:59,329 : CRITICAL : [[16  5  5  2 12]
 [ 4 23  5  1  7]
 [ 3 13 10  0 14]
 [ 2 14  0 24  0]
 [ 3  1  3  0 33]]
2021-06-08 00:08:59,335 : CRITICAL :               precision    recall  f1-score   support

twcollector1      0.571     0.400     0.471        40
twcollector2      0.411     0.575     0.479        40
twcollector3      0.435     0.250     0.317        40
twcollector4      0.889     0.600     0.716        40
twcollector5      0.500     0.825     0.623        40

    accuracy                          0.530       200
   macro avg      0.561     0.530     0.521       200
weighted avg      0.561     0.530     0.521       200

2021-06-08 00:08:59,803 : CRITICAL : model improved as general acc  

2021-06-08 00:09:00,297 : CRITICAL : saveJSon started
2021-06-08 00:09:00,422 : CRITICAL : saveJSon finished
2021-06-08 00:09:31,369 : CRITICAL : Epoch-2 finished 

2021-06-08 00:09:31,370 : CRITICAL : beginning: of calc_iter_acc
2021-06-08 00:09:31,370 : CRITICAL : first: inferring user_vecs_train
